<?xml version="1.0" encoding="UTF-8"?>
<!-- Generated by org.testng.reporters.JUnitReportReporter -->
<testsuite hostname="TapanKNew.local" failures="0" tests="3" name="testCases.HomePageTest" time="65.851" errors="0" timestamp="12 Oct 2021 06:51:01 GMT" skipped="0">
  <testcase classname="testCases.HomePageTest" name="uploadFile" time="19.578"/>
  <testcase classname="testCases.HomePageTest" name="downloadSampleResume" time="27.976"/>
  <testcase classname="testCases.HomePageTest" name="handleFrames" time="18.297"/>
</testsuite> <!-- testCases.HomePageTest -->
