<?xml version="1.0" encoding="UTF-8"?>
<!-- Generated by org.testng.reporters.JUnitReportReporter -->
<testsuite hostname="TapanKNew.local" failures="0" tests="1" name="testCases.HomePageTest" time="37.738" errors="0" timestamp="12 Oct 2021 06:01:06 GMT" skipped="0">
  <testcase classname="testCases.HomePageTest" name="uploadFile" time="37.738"/>
</testsuite> <!-- testCases.HomePageTest -->
