<?xml version="1.0" encoding="UTF-8"?>
<!-- Generated by org.testng.reporters.JUnitReportReporter -->
<testsuite hostname="TapanKNew.local" failures="0" tests="2" name="testCases.HomePageTest" time="37.791" errors="0" timestamp="12 Oct 2021 06:22:36 GMT" skipped="0">
  <testcase classname="testCases.HomePageTest" name="uploadFile" time="19.217"/>
  <testcase classname="testCases.HomePageTest" name="handleFrames" time="18.574"/>
</testsuite> <!-- testCases.HomePageTest -->
